Watching for file changes with StatReloader
E:\New Downloads\Tulia\myProject\myProject\settings.py changed, reloading.
Watching for file changes with StatReloader
E:\New Downloads\Tulia\myProject\myProject\settings.py changed, reloading.
Watching for file changes with StatReloader
E:\New Downloads\Tulia\myProject\myProject\settings.py changed, reloading.
Watching for file changes with StatReloader
E:\New Downloads\Tulia\myProject\myProject\settings.py changed, reloading.
Watching for file changes with StatReloader
E:\New Downloads\Tulia\myProject\myApp\views.py changed, reloading.
Watching for file changes with StatReloader
E:\New Downloads\Tulia\myProject\myApp\views.py changed, reloading.
Watching for file changes with StatReloader
E:\New Downloads\Tulia\myProject\myApp\urls.py changed, reloading.
Watching for file changes with StatReloader
E:\New Downloads\Tulia\myProject\myApp\models.py changed, reloading.
Watching for file changes with StatReloader
Internal Server Error: /
Traceback (most recent call last):
  File "C:\Users\ADMIN\.conda\envs\myenv\Lib\site-packages\django\template\smartif.py", line 180, in translate_token
    op = OPERATORS[token]
         ~~~~~~~~~^^^^^^^
KeyError: '+'

During handling of the above exception, another exception occurred:

Traceback (most recent call last):
  File "C:\Users\ADMIN\.conda\envs\myenv\Lib\site-packages\django\core\handlers\exception.py", line 55, in inner
    response = get_response(request)
               ^^^^^^^^^^^^^^^^^^^^^
  File "C:\Users\ADMIN\.conda\envs\myenv\Lib\site-packages\django\core\handlers\base.py", line 197, in _get_response
    response = wrapped_callback(request, *callback_args, **callback_kwargs)
               ^^^^^^^^^^^^^^^^^^^^^^^^^^^^^^^^^^^^^^^^^^^^^^^^^^^^^^^^^^^^
  File "E:\New Downloads\Tulia\myProject\myApp\views.py", line 114, in home
    return render(request, 'myApp/home.html', context)
           ^^^^^^^^^^^^^^^^^^^^^^^^^^^^^^^^^^^^^^^^^^^
  File "C:\Users\ADMIN\.conda\envs\myenv\Lib\site-packages\django\shortcuts.py", line 25, in render
    content = loader.render_to_string(template_name, context, request, using=using)
              ^^^^^^^^^^^^^^^^^^^^^^^^^^^^^^^^^^^^^^^^^^^^^^^^^^^^^^^^^^^^^^^^^^^^^
  File "C:\Users\ADMIN\.conda\envs\myenv\Lib\site-packages\django\template\loader.py", line 61, in render_to_string
    template = get_template(template_name, using=using)
               ^^^^^^^^^^^^^^^^^^^^^^^^^^^^^^^^^^^^^^^^
  File "C:\Users\ADMIN\.conda\envs\myenv\Lib\site-packages\django\template\loader.py", line 15, in get_template
    return engine.get_template(template_name)
           ^^^^^^^^^^^^^^^^^^^^^^^^^^^^^^^^^^
  File "C:\Users\ADMIN\.conda\envs\myenv\Lib\site-packages\django\template\backends\django.py", line 79, in get_template
    return Template(self.engine.get_template(template_name), self)
                    ^^^^^^^^^^^^^^^^^^^^^^^^^^^^^^^^^^^^^^^
  File "C:\Users\ADMIN\.conda\envs\myenv\Lib\site-packages\django\template\engine.py", line 177, in get_template
    template, origin = self.find_template(template_name)
                       ^^^^^^^^^^^^^^^^^^^^^^^^^^^^^^^^^
  File "C:\Users\ADMIN\.conda\envs\myenv\Lib\site-packages\django\template\engine.py", line 159, in find_template
    template = loader.get_template(name, skip=skip)
               ^^^^^^^^^^^^^^^^^^^^^^^^^^^^^^^^^^^^
  File "C:\Users\ADMIN\.conda\envs\myenv\Lib\site-packages\django\template\loaders\cached.py", line 57, in get_template
    template = super().get_template(template_name, skip)
               ^^^^^^^^^^^^^^^^^^^^^^^^^^^^^^^^^^^^^^^^^
  File "C:\Users\ADMIN\.conda\envs\myenv\Lib\site-packages\django\template\loaders\base.py", line 28, in get_template
    return Template(
           ^^^^^^^^^
  File "C:\Users\ADMIN\.conda\envs\myenv\Lib\site-packages\django\template\base.py", line 154, in __init__
    self.nodelist = self.compile_nodelist()
                    ^^^^^^^^^^^^^^^^^^^^^^^
  File "C:\Users\ADMIN\.conda\envs\myenv\Lib\site-packages\django\template\base.py", line 196, in compile_nodelist
    nodelist = parser.parse()
               ^^^^^^^^^^^^^^
  File "C:\Users\ADMIN\.conda\envs\myenv\Lib\site-packages\django\template\base.py", line 518, in parse
    raise self.error(token, e)
  File "C:\Users\ADMIN\.conda\envs\myenv\Lib\site-packages\django\template\base.py", line 516, in parse
    compiled_result = compile_func(self, token)
                      ^^^^^^^^^^^^^^^^^^^^^^^^^
  File "C:\Users\ADMIN\.conda\envs\myenv\Lib\site-packages\django\template\loader_tags.py", line 295, in do_extends
    nodelist = parser.parse()
               ^^^^^^^^^^^^^^
  File "C:\Users\ADMIN\.conda\envs\myenv\Lib\site-packages\django\template\base.py", line 518, in parse
    raise self.error(token, e)
  File "C:\Users\ADMIN\.conda\envs\myenv\Lib\site-packages\django\template\base.py", line 516, in parse
    compiled_result = compile_func(self, token)
                      ^^^^^^^^^^^^^^^^^^^^^^^^^
  File "C:\Users\ADMIN\.conda\envs\myenv\Lib\site-packages\django\template\loader_tags.py", line 234, in do_block
    nodelist = parser.parse(("endblock",))
               ^^^^^^^^^^^^^^^^^^^^^^^^^^^
  File "C:\Users\ADMIN\.conda\envs\myenv\Lib\site-packages\django\template\base.py", line 518, in parse
    raise self.error(token, e)
  File "C:\Users\ADMIN\.conda\envs\myenv\Lib\site-packages\django\template\base.py", line 516, in parse
    compiled_result = compile_func(self, token)
                      ^^^^^^^^^^^^^^^^^^^^^^^^^
  File "C:\Users\ADMIN\.conda\envs\myenv\Lib\site-packages\django\template\defaulttags.py", line 962, in do_if
    nodelist = parser.parse(("elif", "else", "endif"))
               ^^^^^^^^^^^^^^^^^^^^^^^^^^^^^^^^^^^^^^^
  File "C:\Users\ADMIN\.conda\envs\myenv\Lib\site-packages\django\template\base.py", line 518, in parse
    raise self.error(token, e)
  File "C:\Users\ADMIN\.conda\envs\myenv\Lib\site-packages\django\template\base.py", line 516, in parse
    compiled_result = compile_func(self, token)
                      ^^^^^^^^^^^^^^^^^^^^^^^^^
  File "C:\Users\ADMIN\.conda\envs\myenv\Lib\site-packages\django\template\defaulttags.py", line 862, in do_for
    nodelist_loop = parser.parse(
                    ^^^^^^^^^^^^^
  File "C:\Users\ADMIN\.conda\envs\myenv\Lib\site-packages\django\template\base.py", line 518, in parse
    raise self.error(token, e)
  File "C:\Users\ADMIN\.conda\envs\myenv\Lib\site-packages\django\template\base.py", line 516, in parse
    compiled_result = compile_func(self, token)
                      ^^^^^^^^^^^^^^^^^^^^^^^^^
  File "C:\Users\ADMIN\.conda\envs\myenv\Lib\site-packages\django\template\defaulttags.py", line 969, in do_if
    condition = TemplateIfParser(parser, bits).parse()
                ^^^^^^^^^^^^^^^^^^^^^^^^^^^^^^
  File "C:\Users\ADMIN\.conda\envs\myenv\Lib\site-packages\django\template\defaulttags.py", line 894, in __init__
    super().__init__(*args, **kwargs)
  File "C:\Users\ADMIN\.conda\envs\myenv\Lib\site-packages\django\template\smartif.py", line 171, in __init__
    mapped_tokens.append(self.translate_token(token))
                         ^^^^^^^^^^^^^^^^^^^^^^^^^^^
  File "C:\Users\ADMIN\.conda\envs\myenv\Lib\site-packages\django\template\smartif.py", line 182, in translate_token
    return self.create_var(token)
           ^^^^^^^^^^^^^^^^^^^^^^
  File "C:\Users\ADMIN\.conda\envs\myenv\Lib\site-packages\django\template\defaulttags.py", line 897, in create_var
    return TemplateLiteral(self.template_parser.compile_filter(value), value)
                           ^^^^^^^^^^^^^^^^^^^^^^^^^^^^^^^^^^^^^^^^^^
  File "C:\Users\ADMIN\.conda\envs\myenv\Lib\site-packages\django\template\base.py", line 605, in compile_filter
    return FilterExpression(token, self)
           ^^^^^^^^^^^^^^^^^^^^^^^^^^^^^
  File "C:\Users\ADMIN\.conda\envs\myenv\Lib\site-packages\django\template\base.py", line 706, in __init__
    raise TemplateSyntaxError(
django.template.exceptions.TemplateSyntaxError: Could not parse the remainder: '+' from '+'
"GET / HTTP/1.1" 500 287169
Not Found: /favicon.ico
"GET /favicon.ico HTTP/1.1" 404 5802
E:\New Downloads\Tulia\myProject\myApp\views.py changed, reloading.
Watching for file changes with StatReloader
Internal Server Error: /
Traceback (most recent call last):
  File "C:\Users\ADMIN\.conda\envs\myenv\Lib\site-packages\django\template\smartif.py", line 180, in translate_token
    op = OPERATORS[token]
         ~~~~~~~~~^^^^^^^
KeyError: '+'

During handling of the above exception, another exception occurred:

Traceback (most recent call last):
  File "C:\Users\ADMIN\.conda\envs\myenv\Lib\site-packages\django\core\handlers\exception.py", line 55, in inner
    response = get_response(request)
               ^^^^^^^^^^^^^^^^^^^^^
  File "C:\Users\ADMIN\.conda\envs\myenv\Lib\site-packages\django\core\handlers\base.py", line 197, in _get_response
    response = wrapped_callback(request, *callback_args, **callback_kwargs)
               ^^^^^^^^^^^^^^^^^^^^^^^^^^^^^^^^^^^^^^^^^^^^^^^^^^^^^^^^^^^^
  File "E:\New Downloads\Tulia\myProject\myApp\views.py", line 114, in home
    return render(request, 'myApp/home.html', context)
           ^^^^^^^^^^^^^^^^^^^^^^^^^^^^^^^^^^^^^^^^^^^
  File "C:\Users\ADMIN\.conda\envs\myenv\Lib\site-packages\django\shortcuts.py", line 25, in render
    content = loader.render_to_string(template_name, context, request, using=using)
              ^^^^^^^^^^^^^^^^^^^^^^^^^^^^^^^^^^^^^^^^^^^^^^^^^^^^^^^^^^^^^^^^^^^^^
  File "C:\Users\ADMIN\.conda\envs\myenv\Lib\site-packages\django\template\loader.py", line 61, in render_to_string
    template = get_template(template_name, using=using)
               ^^^^^^^^^^^^^^^^^^^^^^^^^^^^^^^^^^^^^^^^
  File "C:\Users\ADMIN\.conda\envs\myenv\Lib\site-packages\django\template\loader.py", line 15, in get_template
    return engine.get_template(template_name)
           ^^^^^^^^^^^^^^^^^^^^^^^^^^^^^^^^^^
  File "C:\Users\ADMIN\.conda\envs\myenv\Lib\site-packages\django\template\backends\django.py", line 79, in get_template
    return Template(self.engine.get_template(template_name), self)
                    ^^^^^^^^^^^^^^^^^^^^^^^^^^^^^^^^^^^^^^^
  File "C:\Users\ADMIN\.conda\envs\myenv\Lib\site-packages\django\template\engine.py", line 177, in get_template
    template, origin = self.find_template(template_name)
                       ^^^^^^^^^^^^^^^^^^^^^^^^^^^^^^^^^
  File "C:\Users\ADMIN\.conda\envs\myenv\Lib\site-packages\django\template\engine.py", line 159, in find_template
    template = loader.get_template(name, skip=skip)
               ^^^^^^^^^^^^^^^^^^^^^^^^^^^^^^^^^^^^
  File "C:\Users\ADMIN\.conda\envs\myenv\Lib\site-packages\django\template\loaders\cached.py", line 57, in get_template
    template = super().get_template(template_name, skip)
               ^^^^^^^^^^^^^^^^^^^^^^^^^^^^^^^^^^^^^^^^^
  File "C:\Users\ADMIN\.conda\envs\myenv\Lib\site-packages\django\template\loaders\base.py", line 28, in get_template
    return Template(
           ^^^^^^^^^
  File "C:\Users\ADMIN\.conda\envs\myenv\Lib\site-packages\django\template\base.py", line 154, in __init__
    self.nodelist = self.compile_nodelist()
                    ^^^^^^^^^^^^^^^^^^^^^^^
  File "C:\Users\ADMIN\.conda\envs\myenv\Lib\site-packages\django\template\base.py", line 196, in compile_nodelist
    nodelist = parser.parse()
               ^^^^^^^^^^^^^^
  File "C:\Users\ADMIN\.conda\envs\myenv\Lib\site-packages\django\template\base.py", line 518, in parse
    raise self.error(token, e)
  File "C:\Users\ADMIN\.conda\envs\myenv\Lib\site-packages\django\template\base.py", line 516, in parse
    compiled_result = compile_func(self, token)
                      ^^^^^^^^^^^^^^^^^^^^^^^^^
  File "C:\Users\ADMIN\.conda\envs\myenv\Lib\site-packages\django\template\loader_tags.py", line 295, in do_extends
    nodelist = parser.parse()
               ^^^^^^^^^^^^^^
  File "C:\Users\ADMIN\.conda\envs\myenv\Lib\site-packages\django\template\base.py", line 518, in parse
    raise self.error(token, e)
  File "C:\Users\ADMIN\.conda\envs\myenv\Lib\site-packages\django\template\base.py", line 516, in parse
    compiled_result = compile_func(self, token)
                      ^^^^^^^^^^^^^^^^^^^^^^^^^
  File "C:\Users\ADMIN\.conda\envs\myenv\Lib\site-packages\django\template\loader_tags.py", line 234, in do_block
    nodelist = parser.parse(("endblock",))
               ^^^^^^^^^^^^^^^^^^^^^^^^^^^
  File "C:\Users\ADMIN\.conda\envs\myenv\Lib\site-packages\django\template\base.py", line 518, in parse
    raise self.error(token, e)
  File "C:\Users\ADMIN\.conda\envs\myenv\Lib\site-packages\django\template\base.py", line 516, in parse
    compiled_result = compile_func(self, token)
                      ^^^^^^^^^^^^^^^^^^^^^^^^^
  File "C:\Users\ADMIN\.conda\envs\myenv\Lib\site-packages\django\template\defaulttags.py", line 962, in do_if
    nodelist = parser.parse(("elif", "else", "endif"))
               ^^^^^^^^^^^^^^^^^^^^^^^^^^^^^^^^^^^^^^^
  File "C:\Users\ADMIN\.conda\envs\myenv\Lib\site-packages\django\template\base.py", line 518, in parse
    raise self.error(token, e)
  File "C:\Users\ADMIN\.conda\envs\myenv\Lib\site-packages\django\template\base.py", line 516, in parse
    compiled_result = compile_func(self, token)
                      ^^^^^^^^^^^^^^^^^^^^^^^^^
  File "C:\Users\ADMIN\.conda\envs\myenv\Lib\site-packages\django\template\defaulttags.py", line 862, in do_for
    nodelist_loop = parser.parse(
                    ^^^^^^^^^^^^^
  File "C:\Users\ADMIN\.conda\envs\myenv\Lib\site-packages\django\template\base.py", line 518, in parse
    raise self.error(token, e)
  File "C:\Users\ADMIN\.conda\envs\myenv\Lib\site-packages\django\template\base.py", line 516, in parse
    compiled_result = compile_func(self, token)
                      ^^^^^^^^^^^^^^^^^^^^^^^^^
  File "C:\Users\ADMIN\.conda\envs\myenv\Lib\site-packages\django\template\defaulttags.py", line 969, in do_if
    condition = TemplateIfParser(parser, bits).parse()
                ^^^^^^^^^^^^^^^^^^^^^^^^^^^^^^
  File "C:\Users\ADMIN\.conda\envs\myenv\Lib\site-packages\django\template\defaulttags.py", line 894, in __init__
    super().__init__(*args, **kwargs)
  File "C:\Users\ADMIN\.conda\envs\myenv\Lib\site-packages\django\template\smartif.py", line 171, in __init__
    mapped_tokens.append(self.translate_token(token))
                         ^^^^^^^^^^^^^^^^^^^^^^^^^^^
  File "C:\Users\ADMIN\.conda\envs\myenv\Lib\site-packages\django\template\smartif.py", line 182, in translate_token
    return self.create_var(token)
           ^^^^^^^^^^^^^^^^^^^^^^
  File "C:\Users\ADMIN\.conda\envs\myenv\Lib\site-packages\django\template\defaulttags.py", line 897, in create_var
    return TemplateLiteral(self.template_parser.compile_filter(value), value)
                           ^^^^^^^^^^^^^^^^^^^^^^^^^^^^^^^^^^^^^^^^^^
  File "C:\Users\ADMIN\.conda\envs\myenv\Lib\site-packages\django\template\base.py", line 605, in compile_filter
    return FilterExpression(token, self)
           ^^^^^^^^^^^^^^^^^^^^^^^^^^^^^
  File "C:\Users\ADMIN\.conda\envs\myenv\Lib\site-packages\django\template\base.py", line 706, in __init__
    raise TemplateSyntaxError(
django.template.exceptions.TemplateSyntaxError: Could not parse the remainder: '+' from '+'
"GET / HTTP/1.1" 500 287181
Internal Server Error: /
Traceback (most recent call last):
  File "C:\Users\ADMIN\.conda\envs\myenv\Lib\site-packages\django\template\base.py", line 510, in parse
    compile_func = self.tags[command]
                   ~~~~~~~~~^^^^^^^^^
KeyError: 'endif'

During handling of the above exception, another exception occurred:

Traceback (most recent call last):
  File "C:\Users\ADMIN\.conda\envs\myenv\Lib\site-packages\django\core\handlers\exception.py", line 55, in inner
    response = get_response(request)
               ^^^^^^^^^^^^^^^^^^^^^
  File "C:\Users\ADMIN\.conda\envs\myenv\Lib\site-packages\django\core\handlers\base.py", line 197, in _get_response
    response = wrapped_callback(request, *callback_args, **callback_kwargs)
               ^^^^^^^^^^^^^^^^^^^^^^^^^^^^^^^^^^^^^^^^^^^^^^^^^^^^^^^^^^^^
  File "E:\New Downloads\Tulia\myProject\myApp\views.py", line 114, in home
    return render(request, 'myApp/home.html', context)
           ^^^^^^^^^^^^^^^^^^^^^^^^^^^^^^^^^^^^^^^^^^^
  File "C:\Users\ADMIN\.conda\envs\myenv\Lib\site-packages\django\shortcuts.py", line 25, in render
    content = loader.render_to_string(template_name, context, request, using=using)
              ^^^^^^^^^^^^^^^^^^^^^^^^^^^^^^^^^^^^^^^^^^^^^^^^^^^^^^^^^^^^^^^^^^^^^
  File "C:\Users\ADMIN\.conda\envs\myenv\Lib\site-packages\django\template\loader.py", line 61, in render_to_string
    template = get_template(template_name, using=using)
               ^^^^^^^^^^^^^^^^^^^^^^^^^^^^^^^^^^^^^^^^
  File "C:\Users\ADMIN\.conda\envs\myenv\Lib\site-packages\django\template\loader.py", line 15, in get_template
    return engine.get_template(template_name)
           ^^^^^^^^^^^^^^^^^^^^^^^^^^^^^^^^^^
  File "C:\Users\ADMIN\.conda\envs\myenv\Lib\site-packages\django\template\backends\django.py", line 79, in get_template
    return Template(self.engine.get_template(template_name), self)
                    ^^^^^^^^^^^^^^^^^^^^^^^^^^^^^^^^^^^^^^^
  File "C:\Users\ADMIN\.conda\envs\myenv\Lib\site-packages\django\template\engine.py", line 177, in get_template
    template, origin = self.find_template(template_name)
                       ^^^^^^^^^^^^^^^^^^^^^^^^^^^^^^^^^
  File "C:\Users\ADMIN\.conda\envs\myenv\Lib\site-packages\django\template\engine.py", line 159, in find_template
    template = loader.get_template(name, skip=skip)
               ^^^^^^^^^^^^^^^^^^^^^^^^^^^^^^^^^^^^
  File "C:\Users\ADMIN\.conda\envs\myenv\Lib\site-packages\django\template\loaders\cached.py", line 57, in get_template
    template = super().get_template(template_name, skip)
               ^^^^^^^^^^^^^^^^^^^^^^^^^^^^^^^^^^^^^^^^^
  File "C:\Users\ADMIN\.conda\envs\myenv\Lib\site-packages\django\template\loaders\base.py", line 28, in get_template
    return Template(
           ^^^^^^^^^
  File "C:\Users\ADMIN\.conda\envs\myenv\Lib\site-packages\django\template\base.py", line 154, in __init__
    self.nodelist = self.compile_nodelist()
                    ^^^^^^^^^^^^^^^^^^^^^^^
  File "C:\Users\ADMIN\.conda\envs\myenv\Lib\site-packages\django\template\base.py", line 196, in compile_nodelist
    nodelist = parser.parse()
               ^^^^^^^^^^^^^^
  File "C:\Users\ADMIN\.conda\envs\myenv\Lib\site-packages\django\template\base.py", line 518, in parse
    raise self.error(token, e)
  File "C:\Users\ADMIN\.conda\envs\myenv\Lib\site-packages\django\template\base.py", line 516, in parse
    compiled_result = compile_func(self, token)
                      ^^^^^^^^^^^^^^^^^^^^^^^^^
  File "C:\Users\ADMIN\.conda\envs\myenv\Lib\site-packages\django\template\loader_tags.py", line 295, in do_extends
    nodelist = parser.parse()
               ^^^^^^^^^^^^^^
  File "C:\Users\ADMIN\.conda\envs\myenv\Lib\site-packages\django\template\base.py", line 518, in parse
    raise self.error(token, e)
  File "C:\Users\ADMIN\.conda\envs\myenv\Lib\site-packages\django\template\base.py", line 516, in parse
    compiled_result = compile_func(self, token)
                      ^^^^^^^^^^^^^^^^^^^^^^^^^
  File "C:\Users\ADMIN\.conda\envs\myenv\Lib\site-packages\django\template\loader_tags.py", line 234, in do_block
    nodelist = parser.parse(("endblock",))
               ^^^^^^^^^^^^^^^^^^^^^^^^^^^
  File "C:\Users\ADMIN\.conda\envs\myenv\Lib\site-packages\django\template\base.py", line 512, in parse
    self.invalid_block_tag(token, command, parse_until)
  File "C:\Users\ADMIN\.conda\envs\myenv\Lib\site-packages\django\template\base.py", line 563, in invalid_block_tag
    raise self.error(
django.template.exceptions.TemplateSyntaxError: Invalid block tag on line 180: 'endif', expected 'endblock'. Did you forget to register or load this tag?
"GET / HTTP/1.1" 500 188297
"GET / HTTP/1.1" 200 10111
Not Found: /.well-known/appspecific/com.chrome.devtools.json
"GET /.well-known/appspecific/com.chrome.devtools.json HTTP/1.1" 404 5913
"GET /login/ HTTP/1.1" 200 9716
Not Found: /.well-known/appspecific/com.chrome.devtools.json
"GET /.well-known/appspecific/com.chrome.devtools.json HTTP/1.1" 404 5913
Internal Server Error: /login/
Traceback (most recent call last):
  File "C:\Users\ADMIN\.conda\envs\myenv\Lib\site-packages\django_redis\cache.py", line 29, in _decorator
    return method(self, *args, **kwargs)
           ^^^^^^^^^^^^^^^^^^^^^^^^^^^^^
  File "C:\Users\ADMIN\.conda\envs\myenv\Lib\site-packages\django_redis\cache.py", line 138, in has_key
    return self.client.has_key(*args, **kwargs)
           ^^^^^^^^^^^^^^^^^^^^^^^^^^^^^^^^^^^^
  File "C:\Users\ADMIN\.conda\envs\myenv\Lib\site-packages\django_redis\client\default.py", line 670, in has_key
    raise ConnectionInterrupted(connection=client) from e
django_redis.exceptions.ConnectionInterrupted: Redis ConnectionError: Error 10061 connecting to localhost:6379. No connection could be made because the target machine actively refused it.

During handling of the above exception, another exception occurred:

Traceback (most recent call last):
  File "C:\Users\ADMIN\.conda\envs\myenv\Lib\site-packages\django\core\handlers\exception.py", line 55, in inner
    response = get_response(request)
               ^^^^^^^^^^^^^^^^^^^^^
  File "C:\Users\ADMIN\.conda\envs\myenv\Lib\site-packages\django\core\handlers\base.py", line 197, in _get_response
    response = wrapped_callback(request, *callback_args, **callback_kwargs)
               ^^^^^^^^^^^^^^^^^^^^^^^^^^^^^^^^^^^^^^^^^^^^^^^^^^^^^^^^^^^^
  File "E:\New Downloads\Tulia\myProject\myApp\views.py", line 34, in login_view
    login(request, user)
  File "C:\Users\ADMIN\.conda\envs\myenv\Lib\site-packages\django\contrib\auth\__init__.py", line 126, in login
    request.session.cycle_key()
  File "C:\Users\ADMIN\.conda\envs\myenv\Lib\site-packages\django\contrib\sessions\backends\base.py", line 432, in cycle_key
    self.create()
  File "C:\Users\ADMIN\.conda\envs\myenv\Lib\site-packages\django\contrib\sessions\backends\cache.py", line 55, in create
    self._session_key = self._get_new_session_key()
                        ^^^^^^^^^^^^^^^^^^^^^^^^^^^
  File "C:\Users\ADMIN\.conda\envs\myenv\Lib\site-packages\django\contrib\sessions\backends\base.py", line 196, in _get_new_session_key
    if not self.exists(session_key):
           ^^^^^^^^^^^^^^^^^^^^^^^^
  File "C:\Users\ADMIN\.conda\envs\myenv\Lib\site-packages\django\contrib\sessions\backends\cache.py", line 117, in exists
    bool(session_key) and (self.cache_key_prefix + session_key) in self._cache
                          ^^^^^^^^^^^^^^^^^^^^^^^^^^^^^^^^^^^^^^^^^^^^^^^^^^^^
  File "C:\Users\ADMIN\.conda\envs\myenv\Lib\site-packages\django\core\cache\backends\base.py", line 300, in __contains__
    return self.has_key(key)
           ^^^^^^^^^^^^^^^^^
  File "C:\Users\ADMIN\.conda\envs\myenv\Lib\site-packages\django_redis\cache.py", line 36, in _decorator
    raise e.__cause__
  File "C:\Users\ADMIN\.conda\envs\myenv\Lib\site-packages\django_redis\client\default.py", line 668, in has_key
    return client.exists(key) == 1
           ^^^^^^^^^^^^^^^^^^
  File "C:\Users\ADMIN\.conda\envs\myenv\Lib\site-packages\redis\commands\core.py", line 1729, in exists
    return self.execute_command("EXISTS", *names, keys=names)
           ^^^^^^^^^^^^^^^^^^^^^^^^^^^^^^^^^^^^^^^^^^^^^^^^^^
  File "C:\Users\ADMIN\.conda\envs\myenv\Lib\site-packages\redis\client.py", line 559, in execute_command
    return self._execute_command(*args, **options)
           ^^^^^^^^^^^^^^^^^^^^^^^^^^^^^^^^^^^^^^^
  File "C:\Users\ADMIN\.conda\envs\myenv\Lib\site-packages\redis\client.py", line 565, in _execute_command
    conn = self.connection or pool.get_connection(command_name, **options)
                              ^^^^^^^^^^^^^^^^^^^^^^^^^^^^^^^^^^^^^^^^^^^^
  File "C:\Users\ADMIN\.conda\envs\myenv\Lib\site-packages\redis\connection.py", line 1422, in get_connection
    connection.connect()
  File "C:\Users\ADMIN\.conda\envs\myenv\Lib\site-packages\redis\connection.py", line 363, in connect
    raise ConnectionError(self._error_message(e))
redis.exceptions.ConnectionError: Error 10061 connecting to localhost:6379. No connection could be made because the target machine actively refused it.
"POST /login/ HTTP/1.1" 500 142783
Not Found: /.well-known/appspecific/com.chrome.devtools.json
"GET /.well-known/appspecific/com.chrome.devtools.json HTTP/1.1" 404 5913
E:\New Downloads\Tulia\myProject\myProject\settings.py changed, reloading.
Watching for file changes with StatReloader
E:\New Downloads\Tulia\myProject\myProject\settings.py changed, reloading.
Watching for file changes with StatReloader
"POST /login/ HTTP/1.1" 302 0
"GET / HTTP/1.1" 200 13217
Not Found: /.well-known/appspecific/com.chrome.devtools.json
"GET /.well-known/appspecific/com.chrome.devtools.json HTTP/1.1" 404 5913
E:\New Downloads\Tulia\myProject\myProject\settings.py changed, reloading.
Watching for file changes with StatReloader
Internal Server Error: /streak/
Traceback (most recent call last):
  File "C:\Users\ADMIN\.conda\envs\myenv\Lib\site-packages\django\core\handlers\exception.py", line 55, in inner
    response = get_response(request)
               ^^^^^^^^^^^^^^^^^^^^^
  File "C:\Users\ADMIN\.conda\envs\myenv\Lib\site-packages\django\core\handlers\base.py", line 197, in _get_response
    response = wrapped_callback(request, *callback_args, **callback_kwargs)
               ^^^^^^^^^^^^^^^^^^^^^^^^^^^^^^^^^^^^^^^^^^^^^^^^^^^^^^^^^^^^
  File "C:\Users\ADMIN\.conda\envs\myenv\Lib\site-packages\django\contrib\auth\decorators.py", line 60, in _view_wrapper
    return view_func(request, *args, **kwargs)
           ^^^^^^^^^^^^^^^^^^^^^^^^^^^^^^^^^^^
  File "E:\New Downloads\Tulia\myProject\myApp\views.py", line 392, in streak_page
    return render(request, 'myApp/streak_page.html', context)
           ^^^^^^^^^^^^^^^^^^^^^^^^^^^^^^^^^^^^^^^^^^^^^^^^^^
  File "C:\Users\ADMIN\.conda\envs\myenv\Lib\site-packages\django\shortcuts.py", line 25, in render
    content = loader.render_to_string(template_name, context, request, using=using)
              ^^^^^^^^^^^^^^^^^^^^^^^^^^^^^^^^^^^^^^^^^^^^^^^^^^^^^^^^^^^^^^^^^^^^^
  File "C:\Users\ADMIN\.conda\envs\myenv\Lib\site-packages\django\template\loader.py", line 61, in render_to_string
    template = get_template(template_name, using=using)
               ^^^^^^^^^^^^^^^^^^^^^^^^^^^^^^^^^^^^^^^^
  File "C:\Users\ADMIN\.conda\envs\myenv\Lib\site-packages\django\template\loader.py", line 19, in get_template
    raise TemplateDoesNotExist(template_name, chain=chain)
django.template.exceptions.TemplateDoesNotExist: myApp/streak_page.html
"GET /streak/ HTTP/1.1" 500 93419
Not Found: /.well-known/appspecific/com.chrome.devtools.json
"GET /.well-known/appspecific/com.chrome.devtools.json HTTP/1.1" 404 5913
Not Found: /.well-known/appspecific/com.chrome.devtools.json
"GET /.well-known/appspecific/com.chrome.devtools.json HTTP/1.1" 404 5913
Not Found: /.well-known/appspecific/com.chrome.devtools.json
"GET /.well-known/appspecific/com.chrome.devtools.json HTTP/1.1" 404 5913
Internal Server Error: /streak/
Traceback (most recent call last):
  File "C:\Users\ADMIN\.conda\envs\myenv\Lib\site-packages\django\core\handlers\exception.py", line 55, in inner
    response = get_response(request)
               ^^^^^^^^^^^^^^^^^^^^^
  File "C:\Users\ADMIN\.conda\envs\myenv\Lib\site-packages\django\core\handlers\base.py", line 197, in _get_response
    response = wrapped_callback(request, *callback_args, **callback_kwargs)
               ^^^^^^^^^^^^^^^^^^^^^^^^^^^^^^^^^^^^^^^^^^^^^^^^^^^^^^^^^^^^
  File "C:\Users\ADMIN\.conda\envs\myenv\Lib\site-packages\django\contrib\auth\decorators.py", line 60, in _view_wrapper
    return view_func(request, *args, **kwargs)
           ^^^^^^^^^^^^^^^^^^^^^^^^^^^^^^^^^^^
  File "E:\New Downloads\Tulia\myProject\myApp\views.py", line 392, in streak_page
    return render(request, 'myApp/streak_page.html', context)
           ^^^^^^^^^^^^^^^^^^^^^^^^^^^^^^^^^^^^^^^^^^^^^^^^^^
  File "C:\Users\ADMIN\.conda\envs\myenv\Lib\site-packages\django\shortcuts.py", line 25, in render
    content = loader.render_to_string(template_name, context, request, using=using)
              ^^^^^^^^^^^^^^^^^^^^^^^^^^^^^^^^^^^^^^^^^^^^^^^^^^^^^^^^^^^^^^^^^^^^^
  File "C:\Users\ADMIN\.conda\envs\myenv\Lib\site-packages\django\template\loader.py", line 61, in render_to_string
    template = get_template(template_name, using=using)
               ^^^^^^^^^^^^^^^^^^^^^^^^^^^^^^^^^^^^^^^^
  File "C:\Users\ADMIN\.conda\envs\myenv\Lib\site-packages\django\template\loader.py", line 19, in get_template
    raise TemplateDoesNotExist(template_name, chain=chain)
django.template.exceptions.TemplateDoesNotExist: myApp/streak_page.html
"GET /streak/ HTTP/1.1" 500 93419
Not Found: /.well-known/appspecific/com.chrome.devtools.json
"GET /.well-known/appspecific/com.chrome.devtools.json HTTP/1.1" 404 5913
Not Found: /.well-known/appspecific/com.chrome.devtools.json
"GET /.well-known/appspecific/com.chrome.devtools.json HTTP/1.1" 404 5913
Not Found: /.well-known/appspecific/com.chrome.devtools.json
"GET /.well-known/appspecific/com.chrome.devtools.json HTTP/1.1" 404 5913
Internal Server Error: /streak/
Traceback (most recent call last):
  File "C:\Users\ADMIN\.conda\envs\myenv\Lib\site-packages\django\core\handlers\exception.py", line 55, in inner
    response = get_response(request)
               ^^^^^^^^^^^^^^^^^^^^^
  File "C:\Users\ADMIN\.conda\envs\myenv\Lib\site-packages\django\core\handlers\base.py", line 197, in _get_response
    response = wrapped_callback(request, *callback_args, **callback_kwargs)
               ^^^^^^^^^^^^^^^^^^^^^^^^^^^^^^^^^^^^^^^^^^^^^^^^^^^^^^^^^^^^
  File "C:\Users\ADMIN\.conda\envs\myenv\Lib\site-packages\django\contrib\auth\decorators.py", line 60, in _view_wrapper
    return view_func(request, *args, **kwargs)
           ^^^^^^^^^^^^^^^^^^^^^^^^^^^^^^^^^^^
  File "E:\New Downloads\Tulia\myProject\myApp\views.py", line 392, in streak_page
    return render(request, 'myApp/streak_page.html', context)
           ^^^^^^^^^^^^^^^^^^^^^^^^^^^^^^^^^^^^^^^^^^^^^^^^^^
  File "C:\Users\ADMIN\.conda\envs\myenv\Lib\site-packages\django\shortcuts.py", line 25, in render
    content = loader.render_to_string(template_name, context, request, using=using)
              ^^^^^^^^^^^^^^^^^^^^^^^^^^^^^^^^^^^^^^^^^^^^^^^^^^^^^^^^^^^^^^^^^^^^^
  File "C:\Users\ADMIN\.conda\envs\myenv\Lib\site-packages\django\template\loader.py", line 61, in render_to_string
    template = get_template(template_name, using=using)
               ^^^^^^^^^^^^^^^^^^^^^^^^^^^^^^^^^^^^^^^^
  File "C:\Users\ADMIN\.conda\envs\myenv\Lib\site-packages\django\template\loader.py", line 19, in get_template
    raise TemplateDoesNotExist(template_name, chain=chain)
django.template.exceptions.TemplateDoesNotExist: myApp/streak_page.html
"GET /streak/ HTTP/1.1" 500 93419
Not Found: /.well-known/appspecific/com.chrome.devtools.json
"GET /.well-known/appspecific/com.chrome.devtools.json HTTP/1.1" 404 5913
Not Found: /.well-known/appspecific/com.chrome.devtools.json
"GET /.well-known/appspecific/com.chrome.devtools.json HTTP/1.1" 404 5913
Not Found: /.well-known/appspecific/com.chrome.devtools.json
"GET /.well-known/appspecific/com.chrome.devtools.json HTTP/1.1" 404 5913
Internal Server Error: /leaderboard/
Traceback (most recent call last):
  File "C:\Users\ADMIN\.conda\envs\myenv\Lib\site-packages\django\core\handlers\exception.py", line 55, in inner
    response = get_response(request)
               ^^^^^^^^^^^^^^^^^^^^^
  File "C:\Users\ADMIN\.conda\envs\myenv\Lib\site-packages\django\core\handlers\base.py", line 197, in _get_response
    response = wrapped_callback(request, *callback_args, **callback_kwargs)
               ^^^^^^^^^^^^^^^^^^^^^^^^^^^^^^^^^^^^^^^^^^^^^^^^^^^^^^^^^^^^
  File "C:\Users\ADMIN\.conda\envs\myenv\Lib\site-packages\django\contrib\auth\decorators.py", line 60, in _view_wrapper
    return view_func(request, *args, **kwargs)
           ^^^^^^^^^^^^^^^^^^^^^^^^^^^^^^^^^^^
  File "E:\New Downloads\Tulia\myProject\myApp\views.py", line 411, in leaderboard
    return render(request, 'myApp/leaderboard.html', context)
           ^^^^^^^^^^^^^^^^^^^^^^^^^^^^^^^^^^^^^^^^^^^^^^^^^^
  File "C:\Users\ADMIN\.conda\envs\myenv\Lib\site-packages\django\shortcuts.py", line 25, in render
    content = loader.render_to_string(template_name, context, request, using=using)
              ^^^^^^^^^^^^^^^^^^^^^^^^^^^^^^^^^^^^^^^^^^^^^^^^^^^^^^^^^^^^^^^^^^^^^
  File "C:\Users\ADMIN\.conda\envs\myenv\Lib\site-packages\django\template\loader.py", line 61, in render_to_string
    template = get_template(template_name, using=using)
               ^^^^^^^^^^^^^^^^^^^^^^^^^^^^^^^^^^^^^^^^
  File "C:\Users\ADMIN\.conda\envs\myenv\Lib\site-packages\django\template\loader.py", line 19, in get_template
    raise TemplateDoesNotExist(template_name, chain=chain)
django.template.exceptions.TemplateDoesNotExist: myApp/leaderboard.html
"GET /leaderboard/ HTTP/1.1" 500 93315
Not Found: /.well-known/appspecific/com.chrome.devtools.json
"GET /.well-known/appspecific/com.chrome.devtools.json HTTP/1.1" 404 5913
Not Found: /.well-known/appspecific/com.chrome.devtools.json
"GET /.well-known/appspecific/com.chrome.devtools.json HTTP/1.1" 404 5913
Not Found: /.well-known/appspecific/com.chrome.devtools.json
"GET /.well-known/appspecific/com.chrome.devtools.json HTTP/1.1" 404 5913
Internal Server Error: /quests/
Traceback (most recent call last):
  File "C:\Users\ADMIN\.conda\envs\myenv\Lib\site-packages\django\core\handlers\exception.py", line 55, in inner
    response = get_response(request)
               ^^^^^^^^^^^^^^^^^^^^^
  File "C:\Users\ADMIN\.conda\envs\myenv\Lib\site-packages\django\core\handlers\base.py", line 197, in _get_response
    response = wrapped_callback(request, *callback_args, **callback_kwargs)
               ^^^^^^^^^^^^^^^^^^^^^^^^^^^^^^^^^^^^^^^^^^^^^^^^^^^^^^^^^^^^
  File "C:\Users\ADMIN\.conda\envs\myenv\Lib\site-packages\django\contrib\auth\decorators.py", line 60, in _view_wrapper
    return view_func(request, *args, **kwargs)
           ^^^^^^^^^^^^^^^^^^^^^^^^^^^^^^^^^^^
  File "E:\New Downloads\Tulia\myProject\myApp\views.py", line 428, in quests
    return render(request, 'myApp/quests.html', context)
           ^^^^^^^^^^^^^^^^^^^^^^^^^^^^^^^^^^^^^^^^^^^^^
  File "C:\Users\ADMIN\.conda\envs\myenv\Lib\site-packages\django\shortcuts.py", line 25, in render
    content = loader.render_to_string(template_name, context, request, using=using)
              ^^^^^^^^^^^^^^^^^^^^^^^^^^^^^^^^^^^^^^^^^^^^^^^^^^^^^^^^^^^^^^^^^^^^^
  File "C:\Users\ADMIN\.conda\envs\myenv\Lib\site-packages\django\template\loader.py", line 61, in render_to_string
    template = get_template(template_name, using=using)
               ^^^^^^^^^^^^^^^^^^^^^^^^^^^^^^^^^^^^^^^^
  File "C:\Users\ADMIN\.conda\envs\myenv\Lib\site-packages\django\template\loader.py", line 19, in get_template
    raise TemplateDoesNotExist(template_name, chain=chain)
django.template.exceptions.TemplateDoesNotExist: myApp/quests.html
"GET /quests/ HTTP/1.1" 500 93568
Not Found: /.well-known/appspecific/com.chrome.devtools.json
"GET /.well-known/appspecific/com.chrome.devtools.json HTTP/1.1" 404 5913
"GET /quests/ HTTP/1.1" 200 13850
Not Found: /.well-known/appspecific/com.chrome.devtools.json
"GET /.well-known/appspecific/com.chrome.devtools.json HTTP/1.1" 404 5913
Not Found: /.well-known/appspecific/com.chrome.devtools.json
"GET /.well-known/appspecific/com.chrome.devtools.json HTTP/1.1" 404 5913
"GET /quests/ HTTP/1.1" 200 13850
Not Found: /.well-known/appspecific/com.chrome.devtools.json
"GET /.well-known/appspecific/com.chrome.devtools.json HTTP/1.1" 404 5913
Not Found: /.well-known/appspecific/com.chrome.devtools.json
"GET /.well-known/appspecific/com.chrome.devtools.json HTTP/1.1" 404 5913
Not Found: /.well-known/appspecific/com.chrome.devtools.json
"GET /.well-known/appspecific/com.chrome.devtools.json HTTP/1.1" 404 5913
"GET /streak/ HTTP/1.1" 200 9965
Not Found: /.well-known/appspecific/com.chrome.devtools.json
"GET /.well-known/appspecific/com.chrome.devtools.json HTTP/1.1" 404 5913
Not Found: /.well-known/appspecific/com.chrome.devtools.json
"GET /.well-known/appspecific/com.chrome.devtools.json HTTP/1.1" 404 5913
Not Found: /.well-known/appspecific/com.chrome.devtools.json
"GET /.well-known/appspecific/com.chrome.devtools.json HTTP/1.1" 404 5913
"GET /leaderboard/ HTTP/1.1" 200 9266
Not Found: /.well-known/appspecific/com.chrome.devtools.json
"GET /.well-known/appspecific/com.chrome.devtools.json HTTP/1.1" 404 5913
E:\New Downloads\Tulia\myProject\myApp\views.py changed, reloading.
Watching for file changes with StatReloader
Not Found: /.well-known/appspecific/com.chrome.devtools.json
"GET /.well-known/appspecific/com.chrome.devtools.json HTTP/1.1" 404 5913
Not Found: /.well-known/appspecific/com.chrome.devtools.json
"GET /.well-known/appspecific/com.chrome.devtools.json HTTP/1.1" 404 5913
E:\New Downloads\Tulia\myProject\myApp\urls.py changed, reloading.
Watching for file changes with StatReloader
E:\New Downloads\Tulia\myProject\myApp\views.py changed, reloading.
Watching for file changes with StatReloader
"GET /quests/ HTTP/1.1" 200 14894
Not Found: /.well-known/appspecific/com.chrome.devtools.json
"GET /.well-known/appspecific/com.chrome.devtools.json HTTP/1.1" 404 6493
"POST /quests/1/start/ HTTP/1.1" 302 0
"GET /quests/ HTTP/1.1" 200 15354
Not Found: /.well-known/appspecific/com.chrome.devtools.json
"GET /.well-known/appspecific/com.chrome.devtools.json HTTP/1.1" 404 6493
"POST /quests/1/complete/ HTTP/1.1" 302 0
"GET /quests/ HTTP/1.1" 200 14667
Not Found: /.well-known/appspecific/com.chrome.devtools.json
"GET /.well-known/appspecific/com.chrome.devtools.json HTTP/1.1" 404 6493
"GET /quests/ HTTP/1.1" 200 14667
Not Found: /.well-known/appspecific/com.chrome.devtools.json
"GET /.well-known/appspecific/com.chrome.devtools.json HTTP/1.1" 404 6493
"GET / HTTP/1.1" 200 14506
Not Found: /.well-known/appspecific/com.chrome.devtools.json
"GET /.well-known/appspecific/com.chrome.devtools.json HTTP/1.1" 404 6493
"GET /lesson/1/ HTTP/1.1" 200 24145
Not Found: /.well-known/appspecific/com.chrome.devtools.json
"GET /.well-known/appspecific/com.chrome.devtools.json HTTP/1.1" 404 6493
Not Found: /.well-known/appspecific/com.chrome.devtools.json
"GET /.well-known/appspecific/com.chrome.devtools.json HTTP/1.1" 404 6493
Not Found: /.well-known/appspecific/com.chrome.devtools.json
"GET /.well-known/appspecific/com.chrome.devtools.json HTTP/1.1" 404 6493
"GET /lesson/1/ HTTP/1.1" 200 24145
Not Found: /.well-known/appspecific/com.chrome.devtools.json
"GET /.well-known/appspecific/com.chrome.devtools.json HTTP/1.1" 404 6493
"GET / HTTP/1.1" 200 14506
Not Found: /.well-known/appspecific/com.chrome.devtools.json
"GET /.well-known/appspecific/com.chrome.devtools.json HTTP/1.1" 404 6493
"GET / HTTP/1.1" 200 14506
Not Found: /.well-known/appspecific/com.chrome.devtools.json
"GET /.well-known/appspecific/com.chrome.devtools.json HTTP/1.1" 404 6493
"GET /lesson/1/ HTTP/1.1" 200 24145
Not Found: /.well-known/appspecific/com.chrome.devtools.json
"GET /.well-known/appspecific/com.chrome.devtools.json HTTP/1.1" 404 6493
Not Found: /.well-known/appspecific/com.chrome.devtools.json
"GET /.well-known/appspecific/com.chrome.devtools.json HTTP/1.1" 404 6493
Not Found: /.well-known/appspecific/com.chrome.devtools.json
"GET /.well-known/appspecific/com.chrome.devtools.json HTTP/1.1" 404 6493
Not Found: /.well-known/appspecific/com.chrome.devtools.json
"GET /.well-known/appspecific/com.chrome.devtools.json HTTP/1.1" 404 6493
Not Found: /.well-known/appspecific/com.chrome.devtools.json
"GET /.well-known/appspecific/com.chrome.devtools.json HTTP/1.1" 404 6493
Not Found: /.well-known/appspecific/com.chrome.devtools.json
"GET /.well-known/appspecific/com.chrome.devtools.json HTTP/1.1" 404 6493
Not Found: /.well-known/appspecific/com.chrome.devtools.json
"GET /.well-known/appspecific/com.chrome.devtools.json HTTP/1.1" 404 6493
"GET /logout/ HTTP/1.1" 302 0
"GET / HTTP/1.1" 200 10111
Not Found: /.well-known/appspecific/com.chrome.devtools.json
"GET /.well-known/appspecific/com.chrome.devtools.json HTTP/1.1" 404 6493
"GET /signup/ HTTP/1.1" 200 11595
Not Found: /.well-known/appspecific/com.chrome.devtools.json
"GET /.well-known/appspecific/com.chrome.devtools.json HTTP/1.1" 404 6493
"GET /signup/ HTTP/1.1" 200 11160
Not Found: /.well-known/appspecific/com.chrome.devtools.json
"GET /.well-known/appspecific/com.chrome.devtools.json HTTP/1.1" 404 6493
"GET /login/ HTTP/1.1" 200 9487
Not Found: /.well-known/appspecific/com.chrome.devtools.json
"GET /.well-known/appspecific/com.chrome.devtools.json HTTP/1.1" 404 6493
"GET / HTTP/1.1" 200 10111
Not Found: /.well-known/appspecific/com.chrome.devtools.json
"GET /.well-known/appspecific/com.chrome.devtools.json HTTP/1.1" 404 6493
"GET /login/ HTTP/1.1" 200 9487
Not Found: /.well-known/appspecific/com.chrome.devtools.json
"GET /.well-known/appspecific/com.chrome.devtools.json HTTP/1.1" 404 6493
"POST /login/ HTTP/1.1" 200 9713
Not Found: /.well-known/appspecific/com.chrome.devtools.json
"GET /.well-known/appspecific/com.chrome.devtools.json HTTP/1.1" 404 6493
"POST /login/ HTTP/1.1" 302 0
"GET / HTTP/1.1" 200 14506
Not Found: /.well-known/appspecific/com.chrome.devtools.json
"GET /.well-known/appspecific/com.chrome.devtools.json HTTP/1.1" 404 6493
E:\New Downloads\Tulia\myProject\myApp\views.py changed, reloading.
Watching for file changes with StatReloader
E:\New Downloads\Tulia\myProject\myApp\urls.py changed, reloading.
Watching for file changes with StatReloader
E:\New Downloads\Tulia\myProject\myApp\views.py changed, reloading.
Watching for file changes with StatReloader
"GET / HTTP/1.1" 200 20627
Not Found: /.well-known/appspecific/com.chrome.devtools.json
"GET /.well-known/appspecific/com.chrome.devtools.json HTTP/1.1" 404 7005
"GET /levels/ HTTP/1.1" 200 17481
Not Found: /.well-known/appspecific/com.chrome.devtools.json
"GET /.well-known/appspecific/com.chrome.devtools.json HTTP/1.1" 404 7005
"GET /quests/ HTTP/1.1" 200 20788
Not Found: /.well-known/appspecific/com.chrome.devtools.json
"GET /.well-known/appspecific/com.chrome.devtools.json HTTP/1.1" 404 7005
"GET /leaderboard/ HTTP/1.1" 200 15388
Not Found: /.well-known/appspecific/com.chrome.devtools.json
"GET /.well-known/appspecific/com.chrome.devtools.json HTTP/1.1" 404 7005
"GET /profile/ HTTP/1.1" 200 18558
Not Found: /.well-known/appspecific/com.chrome.devtools.json
"GET /.well-known/appspecific/com.chrome.devtools.json HTTP/1.1" 404 7005
"GET /quests/ HTTP/1.1" 200 20788
Not Found: /.well-known/appspecific/com.chrome.devtools.json
"GET /.well-known/appspecific/com.chrome.devtools.json HTTP/1.1" 404 7005
"GET / HTTP/1.1" 200 20627
Not Found: /.well-known/appspecific/com.chrome.devtools.json
"GET /.well-known/appspecific/com.chrome.devtools.json HTTP/1.1" 404 7005
"GET /lesson/1/ HTTP/1.1" 200 30273
Not Found: /.well-known/appspecific/com.chrome.devtools.json
"GET /.well-known/appspecific/com.chrome.devtools.json HTTP/1.1" 404 7005
Watching for file changes with StatReloader
"GET /leaderboard/ HTTP/1.1" 200 15388
"GET / HTTP/1.1" 200 20627
Watching for file changes with StatReloader
"GET / HTTP/1.1" 200 17782
"GET /logout/ HTTP/1.1" 302 0
"GET / HTTP/1.1" 200 13387
"GET /login/ HTTP/1.1" 200 12770
"POST /login/ HTTP/1.1" 200 12996
"GET / HTTP/1.1" 200 13387
"GET /levels/ HTTP/1.1" 200 13175
"GET /lesson/1/ HTTP/1.1" 302 0
Not Found: /accounts/login/
"GET /accounts/login/?next=/lesson/1/ HTTP/1.1" 404 6922
"GET /lesson/1/ HTTP/1.1" 302 0
Not Found: /accounts/login/
"GET /accounts/login/?next=/lesson/1/ HTTP/1.1" 404 6922
"GET /leaderboard/ HTTP/1.1" 302 0
Not Found: /accounts/login/
"GET /accounts/login/?next=/leaderboard/ HTTP/1.1" 404 6925
E:\New Downloads\Tulia\myProject\myApp\views.py changed, reloading.
Watching for file changes with StatReloader
E:\New Downloads\Tulia\myProject\myApp\urls.py changed, reloading.
Watching for file changes with StatReloader
E:\New Downloads\Tulia\myProject\myProject\settings.py changed, reloading.
Watching for file changes with StatReloader
E:\New Downloads\Tulia\myProject\myProject\settings.py changed, reloading.
Watching for file changes with StatReloader
E:\New Downloads\Tulia\myProject\myApp\views.py changed, reloading.
Watching for file changes with StatReloader
E:\New Downloads\Tulia\myProject\myApp\urls.py changed, reloading.
Watching for file changes with StatReloader
"GET /levels/ HTTP/1.1" 200 13175
"GET /quests/ HTTP/1.1" 302 0
"GET /login/?next=/quests/ HTTP/1.1" 200 12770
"GET /leaderboard/ HTTP/1.1" 302 0
"GET /login/?next=/leaderboard/ HTTP/1.1" 200 12770
"GET /profile/ HTTP/1.1" 302 0
"GET /login/?next=/profile/ HTTP/1.1" 200 12770
"GET /levels/ HTTP/1.1" 200 13175
"GET / HTTP/1.1" 200 13387
"GET /levels/ HTTP/1.1" 200 13175
"GET /leaderboard/ HTTP/1.1" 302 0
"GET /login/?next=/leaderboard/ HTTP/1.1" 200 12770
"GET /quests/ HTTP/1.1" 302 0
"GET /login/?next=/quests/ HTTP/1.1" 200 12770
"GET /streak/ HTTP/1.1" 302 0
"GET /login/?next=/streak/ HTTP/1.1" 200 12770
"GET / HTTP/1.1" 200 13387
"GET /streak/ HTTP/1.1" 302 0
"GET /login/?next=/streak/ HTTP/1.1" 200 12770
"GET /levels/ HTTP/1.1" 200 13175
"GET /quests/ HTTP/1.1" 302 0
"GET /login/?next=/quests/ HTTP/1.1" 200 12770
"GET /lesson/1/ HTTP/1.1" 302 0
"GET /login/?next=/lesson/1/ HTTP/1.1" 200 12770
"GET /leaderboard/ HTTP/1.1" 302 0
"GET /login/?next=/leaderboard/ HTTP/1.1" 200 12770
"POST /login/?next=/leaderboard/ HTTP/1.1" 302 0
"GET / HTTP/1.1" 200 17782
"GET / HTTP/1.1" 200 17782
"GET /levels/ HTTP/1.1" 200 14636
"GET /lesson/1/ HTTP/1.1" 200 27428
"GET /quests/ HTTP/1.1" 200 17943
"GET /lesson/1/ HTTP/1.1" 200 27428
"GET /quests/ HTTP/1.1" 200 17943
"GET /quests/ HTTP/1.1" 200 17943
"GET / HTTP/1.1" 200 22651
"GET / HTTP/1.1" 200 22651
"GET /levels/ HTTP/1.1" 200 14636
"GET /quests/ HTTP/1.1" 200 17943
"GET /leaderboard/ HTTP/1.1" 200 12543
"GET / HTTP/1.1" 200 22651
Watching for file changes with StatReloader
"GET / HTTP/1.1" 200 22651
"GET /logout/ HTTP/1.1" 302 0
"GET / HTTP/1.1" 200 15689
Not Found: /.well-known/appspecific/com.chrome.devtools.json
"GET /.well-known/appspecific/com.chrome.devtools.json HTTP/1.1" 404 7276
"GET /signup/ HTTP/1.1" 200 14443
Not Found: /.well-known/appspecific/com.chrome.devtools.json
"GET /.well-known/appspecific/com.chrome.devtools.json HTTP/1.1" 404 7276
"GET /login/ HTTP/1.1" 200 12770
Not Found: /.well-known/appspecific/com.chrome.devtools.json
"GET /.well-known/appspecific/com.chrome.devtools.json HTTP/1.1" 404 7276
"POST /login/ HTTP/1.1" 302 0
"GET / HTTP/1.1" 200 22651
Not Found: /.well-known/appspecific/com.chrome.devtools.json
"GET /.well-known/appspecific/com.chrome.devtools.json HTTP/1.1" 404 7276
"GET /lesson/1/ HTTP/1.1" 200 27428
Not Found: /.well-known/appspecific/com.chrome.devtools.json
"GET /.well-known/appspecific/com.chrome.devtools.json HTTP/1.1" 404 7276
"GET / HTTP/1.1" 200 22651
Not Found: /.well-known/appspecific/com.chrome.devtools.json
"GET /.well-known/appspecific/com.chrome.devtools.json HTTP/1.1" 404 7276
"GET /quests/ HTTP/1.1" 200 17943
Not Found: /.well-known/appspecific/com.chrome.devtools.json
"GET /.well-known/appspecific/com.chrome.devtools.json HTTP/1.1" 404 7276
"GET /leaderboard/ HTTP/1.1" 200 12543
Not Found: /.well-known/appspecific/com.chrome.devtools.json
"GET /.well-known/appspecific/com.chrome.devtools.json HTTP/1.1" 404 7276
"GET /profile/ HTTP/1.1" 200 15713
Not Found: /.well-known/appspecific/com.chrome.devtools.json
"GET /.well-known/appspecific/com.chrome.devtools.json HTTP/1.1" 404 7276
"GET /levels/ HTTP/1.1" 200 14636
Not Found: /.well-known/appspecific/com.chrome.devtools.json
"GET /.well-known/appspecific/com.chrome.devtools.json HTTP/1.1" 404 7276
"GET / HTTP/1.1" 200 22651
Not Found: /.well-known/appspecific/com.chrome.devtools.json
"GET /.well-known/appspecific/com.chrome.devtools.json HTTP/1.1" 404 7276
"GET /lesson/1/ HTTP/1.1" 200 27428
Not Found: /.well-known/appspecific/com.chrome.devtools.json
"GET /.well-known/appspecific/com.chrome.devtools.json HTTP/1.1" 404 7276
Watching for file changes with StatReloader
Watching for file changes with StatReloader
"GET / HTTP/1.1" 200 15689
Not Found: /favicon.ico
"GET /favicon.ico HTTP/1.1" 404 7165
"GET /levels/ HTTP/1.1" 200 13175
"GET /quests/ HTTP/1.1" 302 0
"GET /login/?next=/quests/ HTTP/1.1" 200 12770
"GET /leaderboard/ HTTP/1.1" 302 0
"GET /login/?next=/leaderboard/ HTTP/1.1" 200 12770
"GET /profile/ HTTP/1.1" 302 0
"GET /login/?next=/profile/ HTTP/1.1" 200 12770
"GET /levels/ HTTP/1.1" 200 13175
"GET /login/ HTTP/1.1" 200 12770
"POST /login/ HTTP/1.1" 200 12996
Watching for file changes with StatReloader
"POST /login/ HTTP/1.1" 200 12996
"POST /login/ HTTP/1.1" 302 0
"GET / HTTP/1.1" 200 21376
"GET /lesson/1/ HTTP/1.1" 200 27432
"GET /lesson/1/ HTTP/1.1" 200 30153
"GET /static/img/speakopoly_mascot.png HTTP/1.1" 404 2002
"POST /exercise/1/submit/ HTTP/1.1" 200 329
Not Found: /.well-known/appspecific/com.chrome.devtools.json
"GET /.well-known/appspecific/com.chrome.devtools.json HTTP/1.1" 404 7276
"POST /exercise/2/submit/ HTTP/1.1" 200 196
"GET / HTTP/1.1" 200 21376
Not Found: /.well-known/appspecific/com.chrome.devtools.json
"GET /.well-known/appspecific/com.chrome.devtools.json HTTP/1.1" 404 7276
"GET /lesson/1/ HTTP/1.1" 200 30153
Not Found: /.well-known/appspecific/com.chrome.devtools.json
"GET /.well-known/appspecific/com.chrome.devtools.json HTTP/1.1" 404 7276
"GET /static/img/speakopoly_mascot.png HTTP/1.1" 404 2002
"GET /quests/ HTTP/1.1" 200 18175
Not Found: /.well-known/appspecific/com.chrome.devtools.json
"GET /.well-known/appspecific/com.chrome.devtools.json HTTP/1.1" 404 7276
"POST /quests/1/start/ HTTP/1.1" 302 0
"GET /quests/ HTTP/1.1" 200 18635
Not Found: /.well-known/appspecific/com.chrome.devtools.json
"GET /.well-known/appspecific/com.chrome.devtools.json HTTP/1.1" 404 7276
"POST /quests/1/complete/ HTTP/1.1" 302 0
"GET /quests/ HTTP/1.1" 200 17948
Not Found: /.well-known/appspecific/com.chrome.devtools.json
"GET /.well-known/appspecific/com.chrome.devtools.json HTTP/1.1" 404 7276
"GET /levels/ HTTP/1.1" 200 14641
Not Found: /.well-known/appspecific/com.chrome.devtools.json
"GET /.well-known/appspecific/com.chrome.devtools.json HTTP/1.1" 404 7276
"GET /lesson/1/ HTTP/1.1" 200 30154
"GET /static/img/speakopoly_mascot.png HTTP/1.1" 404 2002
Not Found: /.well-known/appspecific/com.chrome.devtools.json
"GET /.well-known/appspecific/com.chrome.devtools.json HTTP/1.1" 404 7276
"GET / HTTP/1.1" 200 22656
Not Found: /.well-known/appspecific/com.chrome.devtools.json
"GET /.well-known/appspecific/com.chrome.devtools.json HTTP/1.1" 404 7276
"GET /streak/ HTTP/1.1" 200 15120
Not Found: /.well-known/appspecific/com.chrome.devtools.json
"GET /.well-known/appspecific/com.chrome.devtools.json HTTP/1.1" 404 7276
"GET /levels/ HTTP/1.1" 200 14641
Not Found: /.well-known/appspecific/com.chrome.devtools.json
"GET /.well-known/appspecific/com.chrome.devtools.json HTTP/1.1" 404 7276
"GET / HTTP/1.1" 200 22656
Not Found: /.well-known/appspecific/com.chrome.devtools.json
"GET /.well-known/appspecific/com.chrome.devtools.json HTTP/1.1" 404 7276
Watching for file changes with StatReloader
"GET / HTTP/1.1" 200 15689
Not Found: /.well-known/appspecific/com.chrome.devtools.json
"GET /.well-known/appspecific/com.chrome.devtools.json HTTP/1.1" 404 7276
"GET /login/ HTTP/1.1" 200 13205
Not Found: /.well-known/appspecific/com.chrome.devtools.json
"GET /.well-known/appspecific/com.chrome.devtools.json HTTP/1.1" 404 7276
"POST /login/ HTTP/1.1" 200 12996
Not Found: /.well-known/appspecific/com.chrome.devtools.json
"GET /.well-known/appspecific/com.chrome.devtools.json HTTP/1.1" 404 7276
Watching for file changes with StatReloader
"POST /login/ HTTP/1.1" 302 0
"GET / HTTP/1.1" 200 23823
Not Found: /.well-known/appspecific/com.chrome.devtools.json
"GET /.well-known/appspecific/com.chrome.devtools.json HTTP/1.1" 404 7276
"GET /levels/ HTTP/1.1" 200 25944
Not Found: /.well-known/appspecific/com.chrome.devtools.json
"GET /.well-known/appspecific/com.chrome.devtools.json HTTP/1.1" 404 7276
"GET /lesson/1/ HTTP/1.1" 200 31820
Not Found: /.well-known/appspecific/com.chrome.devtools.json
"GET /.well-known/appspecific/com.chrome.devtools.json HTTP/1.1" 404 7276
"GET /static/img/speakopoly_mascot.png HTTP/1.1" 404 2002
"POST /exercise/1/submit/ HTTP/1.1" 200 215
"POST /exercise/2/submit/ HTTP/1.1" 200 243
"GET /levels/ HTTP/1.1" 200 26378
Not Found: /.well-known/appspecific/com.chrome.devtools.json
"GET /.well-known/appspecific/com.chrome.devtools.json HTTP/1.1" 404 7276
"GET /lesson/1/ HTTP/1.1" 200 32254
Not Found: /.well-known/appspecific/com.chrome.devtools.json
"GET /.well-known/appspecific/com.chrome.devtools.json HTTP/1.1" 404 7276
"GET /static/img/speakopoly_mascot.png HTTP/1.1" 404 2002
"GET /lesson/1/ HTTP/1.1" 200 32196
Not Found: /.well-known/appspecific/com.chrome.devtools.json
"GET /.well-known/appspecific/com.chrome.devtools.json HTTP/1.1" 404 7276
"GET /static/img/speakopoly_mascot.png HTTP/1.1" 404 2002
"GET /lesson/1/ HTTP/1.1" 200 21555
Not Found: /.well-known/appspecific/com.chrome.devtools.json
"GET /.well-known/appspecific/com.chrome.devtools.json HTTP/1.1" 404 7276
"GET /static/img/speakopoly_mascot.png HTTP/1.1" 404 2002
"GET /lesson/1/ HTTP/1.1" 200 32465
Not Found: /.well-known/appspecific/com.chrome.devtools.json
"GET /.well-known/appspecific/com.chrome.devtools.json HTTP/1.1" 404 7276
"GET /static/img/speakopoly_mascot.png HTTP/1.1" 404 2002
"POST /exercise/1/submit/ HTTP/1.1" 200 215
"GET /lesson/1/ HTTP/1.1" 200 32466
Not Found: /.well-known/appspecific/com.chrome.devtools.json
"GET /.well-known/appspecific/com.chrome.devtools.json HTTP/1.1" 404 7276
"GET /static/img/speakopoly_mascot.png HTTP/1.1" 404 2002
"GET /lesson/1/ HTTP/1.1" 200 32466
Not Found: /.well-known/appspecific/com.chrome.devtools.json
"GET /.well-known/appspecific/com.chrome.devtools.json HTTP/1.1" 404 7276
"GET /static/img/speakopoly_mascot.png HTTP/1.1" 404 2002
"GET /lesson/1/ HTTP/1.1" 200 27441
"GET /static/img/speakopoly_mascot.png HTTP/1.1" 404 2002
Not Found: /.well-known/appspecific/com.chrome.devtools.json
"GET /.well-known/appspecific/com.chrome.devtools.json HTTP/1.1" 404 7276
"POST /exercise/1/submit/ HTTP/1.1" 200 215
"GET /lesson/1/ HTTP/1.1" 200 27447
Not Found: /.well-known/appspecific/com.chrome.devtools.json
"GET /.well-known/appspecific/com.chrome.devtools.json HTTP/1.1" 404 7276
"GET /static/img/speakopoly_mascot.png HTTP/1.1" 404 2002
"GET /lesson/1/ HTTP/1.1" 200 27452
Not Found: /.well-known/appspecific/com.chrome.devtools.json
"GET /.well-known/appspecific/com.chrome.devtools.json HTTP/1.1" 404 7276
"GET /static/img/speakopoly_mascot.png HTTP/1.1" 404 2002
"GET /lesson/1/ HTTP/1.1" 200 27452
Not Found: /.well-known/appspecific/com.chrome.devtools.json
"GET /.well-known/appspecific/com.chrome.devtools.json HTTP/1.1" 404 7276
"GET /static/img/speakopoly_mascot.png HTTP/1.1" 404 2002
"GET /lesson/1/ HTTP/1.1" 200 27898
Not Found: /.well-known/appspecific/com.chrome.devtools.json
"GET /.well-known/appspecific/com.chrome.devtools.json HTTP/1.1" 404 7276
"GET /static/img/speakopoly_mascot.png HTTP/1.1" 404 2002
"POST /exercise/1/submit/ HTTP/1.1" 200 215
"GET /lesson/1/ HTTP/1.1" 200 29398
Not Found: /.well-known/appspecific/com.chrome.devtools.json
"GET /.well-known/appspecific/com.chrome.devtools.json HTTP/1.1" 404 7276
"GET /static/img/speakopoly_mascot.png HTTP/1.1" 404 2002
"GET /lesson/1/ HTTP/1.1" 200 29407
Not Found: /.well-known/appspecific/com.chrome.devtools.json
"GET /.well-known/appspecific/com.chrome.devtools.json HTTP/1.1" 404 7276
"GET /static/img/speakopoly_mascot.png HTTP/1.1" 404 2002
"POST /exercise/1/submit/ HTTP/1.1" 200 215
"POST /exercise/2/submit/ HTTP/1.1" 200 243
"POST /exercise/2/submit/ HTTP/1.1" 200 243
"POST /exercise/2/submit/ HTTP/1.1" 200 243
"GET /lesson/1/ HTTP/1.1" 200 29407
Not Found: /.well-known/appspecific/com.chrome.devtools.json
"GET /.well-known/appspecific/com.chrome.devtools.json HTTP/1.1" 404 7276
"GET /static/img/speakopoly_mascot.png HTTP/1.1" 404 2002
"POST /exercise/1/submit/ HTTP/1.1" 200 215
"POST /exercise/2/submit/ HTTP/1.1" 200 243
"POST /exercise/2/submit/ HTTP/1.1" 200 243
"POST /exercise/2/submit/ HTTP/1.1" 200 243
"GET /lesson/1/ HTTP/1.1" 200 30449
Not Found: /.well-known/appspecific/com.chrome.devtools.json
"GET /.well-known/appspecific/com.chrome.devtools.json HTTP/1.1" 404 7276
"GET /static/img/speakopoly_mascot.png HTTP/1.1" 404 2002
"POST /exercise/1/submit/ HTTP/1.1" 200 215
"POST /exercise/2/submit/ HTTP/1.1" 200 243
"GET /lesson/1/ HTTP/1.1" 200 30449
Not Found: /.well-known/appspecific/com.chrome.devtools.json
"GET /.well-known/appspecific/com.chrome.devtools.json HTTP/1.1" 404 7276
"GET /static/img/speakopoly_mascot.png HTTP/1.1" 404 2002
"POST /exercise/1/submit/ HTTP/1.1" 200 215
"POST /exercise/1/submit/ HTTP/1.1" 200 215
"POST /exercise/2/submit/ HTTP/1.1" 200 243
"GET /lesson/1/ HTTP/1.1" 200 30493
Not Found: /.well-known/appspecific/com.chrome.devtools.json
"GET /.well-known/appspecific/com.chrome.devtools.json HTTP/1.1" 404 7276
"GET /static/img/speakopoly_mascot.png HTTP/1.1" 404 2002
"POST /exercise/1/submit/ HTTP/1.1" 200 215
"POST /exercise/2/submit/ HTTP/1.1" 200 243
"GET /lesson/1/ HTTP/1.1" 200 30493
"GET /static/img/speakopoly_mascot.png HTTP/1.1" 404 2002
"POST /exercise/1/submit/ HTTP/1.1" 200 215
"POST /exercise/1/submit/ HTTP/1.1" 200 215
"POST /exercise/2/submit/ HTTP/1.1" 200 243
Watching for file changes with StatReloader
"GET /lesson/1/ HTTP/1.1" 200 30493
"GET /static/img/speakopoly_mascot.png HTTP/1.1" 404 2002
"POST /exercise/1/submit/ HTTP/1.1" 200 215
"POST /exercise/1/submit/ HTTP/1.1" 200 215
"POST /exercise/2/submit/ HTTP/1.1" 200 243
"GET /lesson/1/ HTTP/1.1" 200 30385
"GET /static/img/speakopoly_mascot.png HTTP/1.1" 404 2002
"POST /exercise/1/submit/ HTTP/1.1" 200 215
"POST /exercise/2/submit/ HTTP/1.1" 200 243
"GET /lesson/1/ HTTP/1.1" 200 30385
"GET /static/img/speakopoly_mascot.png HTTP/1.1" 404 2002
"POST /exercise/1/submit/ HTTP/1.1" 200 215
Watching for file changes with StatReloader
"GET /lesson/1/ HTTP/1.1" 200 30385
"GET /static/img/speakopoly_mascot.png HTTP/1.1" 404 2002
"POST /exercise/1/submit/ HTTP/1.1" 200 215
"POST /exercise/1/submit/ HTTP/1.1" 200 215
"GET /lesson/1/ HTTP/1.1" 200 30449
"GET /static/img/speakopoly_mascot.png HTTP/1.1" 404 2002
"GET / HTTP/1.1" 200 24261
"GET /levels/ HTTP/1.1" 200 26380
"GET / HTTP/1.1" 200 24261
"GET /lesson/1/ HTTP/1.1" 200 30449
"GET /static/img/speakopoly_mascot.png HTTP/1.1" 404 2002
"GET /levels/ HTTP/1.1" 200 26380
"GET /levels/ HTTP/1.1" 200 26380
"GET /logout/ HTTP/1.1" 302 0
"GET / HTTP/1.1" 200 15689
"GET /login/ HTTP/1.1" 200 12770
"POST /login/ HTTP/1.1" 302 0
"GET / HTTP/1.1" 200 24261
Watching for file changes with StatReloader
"GET / HTTP/1.1" 200 24261
"GET /lesson/1/ HTTP/1.1" 200 30449
"GET /static/img/speakopoly_mascot.png HTTP/1.1" 404 2002
"POST /exercise/1/submit/ HTTP/1.1" 200 215
"POST /exercise/2/submit/ HTTP/1.1" 200 243
"GET /lesson/1/ HTTP/1.1" 200 30449
"GET /static/img/speakopoly_mascot.png HTTP/1.1" 404 2002
Watching for file changes with StatReloader
Not Found: /lesson/1/
"GET /lesson/1/ HTTP/1.1" 404 4456
Not Found: /lesson/1/
"GET /lesson/1/ HTTP/1.1" 404 4456
"GET / HTTP/1.1" 200 24262
"GET /levels/ HTTP/1.1" 200 26381
"GET /lesson/17/ HTTP/1.1" 200 28010
"GET /static/img/speakopoly_mascot.png HTTP/1.1" 404 2002
"POST /exercise/39/submit/ HTTP/1.1" 200 258
"GET /lesson/17/ HTTP/1.1" 200 28331
"GET /static/img/speakopoly_mascot.png HTTP/1.1" 404 2002
"POST /exercise/39/submit/ HTTP/1.1" 200 258
"POST /exercise/40/submit/ HTTP/1.1" 200 246
"POST /exercise/40/submit/ HTTP/1.1" 200 225
"GET /lesson/17/ HTTP/1.1" 200 29219
"GET /static/img/speakopoly_mascot.png HTTP/1.1" 404 2002
"POST /exercise/39/submit/ HTTP/1.1" 200 258
"POST /exercise/40/submit/ HTTP/1.1" 200 225
"POST /exercise/41/submit/ HTTP/1.1" 200 212
"GET /lesson/17/ HTTP/1.1" 200 31096
"GET /static/img/speakopoly_mascot.png HTTP/1.1" 404 2002
"POST /exercise/39/submit/ HTTP/1.1" 200 258
"POST /exercise/40/submit/ HTTP/1.1" 200 225
"POST /exercise/41/submit/ HTTP/1.1" 200 212
"GET / HTTP/1.1" 200 24264
"GET /levels/ HTTP/1.1" 200 26382
"GET /lesson/17/ HTTP/1.1" 200 31096
"GET /static/img/speakopoly_mascot.png HTTP/1.1" 404 2002
"POST /exercise/39/submit/ HTTP/1.1" 200 258
"POST /exercise/40/submit/ HTTP/1.1" 200 225
"POST /exercise/41/submit/ HTTP/1.1" 200 212
"POST /exercise/42/submit/ HTTP/1.1" 200 148
"POST /exercise/42/submit/ HTTP/1.1" 200 148
E:\New Downloads\Tulia\myProject\myApp\views.py changed, reloading.
Watching for file changes with StatReloader
E:\New Downloads\Tulia\myProject\myApp\views.py changed, reloading.
Watching for file changes with StatReloader
"GET /lesson/17/ HTTP/1.1" 200 31096
"GET /static/img/speakopoly_mascot.png HTTP/1.1" 404 2002
"POST /exercise/39/submit/ HTTP/1.1" 200 258
"POST /exercise/40/submit/ HTTP/1.1" 200 225
"POST /exercise/41/submit/ HTTP/1.1" 200 212
"POST /exercise/42/submit/ HTTP/1.1" 200 148
Watching for file changes with StatReloader
"GET / HTTP/1.1" 200 24264
"GET / HTTP/1.1" 200 24264
"GET /levels/ HTTP/1.1" 200 26382
"GET /lesson/33/ HTTP/1.1" 200 28650
"GET /static/img/speakopoly_mascot.png HTTP/1.1" 404 2002
"POST /exercise/76/submit/ HTTP/1.1" 200 258
"POST /exercise/77/submit/ HTTP/1.1" 200 225
"POST /exercise/78/submit/ HTTP/1.1" 200 130
E:\New Downloads\Tulia\myProject\myApp\views.py changed, reloading.
Watching for file changes with StatReloader
"GET /lesson/33/ HTTP/1.1" 200 29502
"GET /static/img/speakopoly_mascot.png HTTP/1.1" 404 2002
"POST /exercise/76/submit/ HTTP/1.1" 200 258
"GET /lesson/33/ HTTP/1.1" 200 30485
"GET /static/img/speakopoly_mascot.png HTTP/1.1" 404 2002
"POST /exercise/76/submit/ HTTP/1.1" 200 258
"GET /levels/ HTTP/1.1" 200 26382
"GET /logout/ HTTP/1.1" 302 0
"GET / HTTP/1.1" 200 15689
Not Found: /.well-known/appspecific/com.chrome.devtools.json
"GET /.well-known/appspecific/com.chrome.devtools.json HTTP/1.1" 404 7276
Not Found: /favicon.ico
"GET /favicon.ico HTTP/1.1" 404 7165
"GET /levels/ HTTP/1.1" 200 24468
"GET /lesson/1/ HTTP/1.1" 302 0
"GET /login/?next=/lesson/1/ HTTP/1.1" 200 12770
"GET /levels/ HTTP/1.1" 200 24468
"GET /quests/ HTTP/1.1" 302 0
"GET /login/?next=/quests/ HTTP/1.1" 200 12770
"GET /leaderboard/ HTTP/1.1" 302 0
"GET /login/?next=/leaderboard/ HTTP/1.1" 200 12770
"GET /profile/ HTTP/1.1" 302 0
"GET /login/?next=/profile/ HTTP/1.1" 200 12770
"GET /levels/ HTTP/1.1" 200 24468
"GET / HTTP/1.1" 200 15689
"GET /signup/ HTTP/1.1" 200 14443
"GET /login/ HTTP/1.1" 200 12770
"POST /login/ HTTP/1.1" 302 0
"GET / HTTP/1.1" 200 24264
"GET /levels/ HTTP/1.1" 200 26382
"GET / HTTP/1.1" 200 24264
"GET /lesson/33/ HTTP/1.1" 200 30485
"GET /static/img/speakopoly_mascot.png HTTP/1.1" 404 2002
"POST /exercise/76/submit/ HTTP/1.1" 200 258
"POST /exercise/77/submit/ HTTP/1.1" 200 225
"POST /exercise/78/submit/ HTTP/1.1" 200 130
"GET / HTTP/1.1" 200 24264
"GET /levels/ HTTP/1.1" 200 26382
"GET /lesson/33/ HTTP/1.1" 200 30485
"GET /static/img/speakopoly_mascot.png HTTP/1.1" 404 2002
"GET /levels/ HTTP/1.1" 200 26382
"GET /quests/ HTTP/1.1" 200 12816
Not Found: /lesson/1/
"GET /lesson/1/ HTTP/1.1" 404 4456
"GET /quests/ HTTP/1.1" 200 12816
E:\New Downloads\Tulia\myProject\myApp\urls.py changed, reloading.
Watching for file changes with StatReloader
E:\New Downloads\Tulia\myProject\myApp\views.py changed, reloading.
Watching for file changes with StatReloader
"GET /quests/ HTTP/1.1" 200 12816
E:\New Downloads\Tulia\myProject\myApp\urls.py changed, reloading.
Watching for file changes with StatReloader
"GET /quests/ HTTP/1.1" 200 12816
"GET /levels/ HTTP/1.1" 200 26382
"GET /lesson/33/ HTTP/1.1" 200 31431
"GET /static/img/speakopoly_mascot.png HTTP/1.1" 404 2002
"POST /exercise/76/submit/ HTTP/1.1" 200 258
"POST /exercise/77/submit/ HTTP/1.1" 200 225
"POST /exercise/78/submit/ HTTP/1.1" 200 130
"POST /lesson/33/complete/ HTTP/1.1" 200 80
"GET / HTTP/1.1" 200 27156
"GET /logout/ HTTP/1.1" 302 0
"GET / HTTP/1.1" 200 15689
Not Found: /.well-known/appspecific/com.chrome.devtools.json
"GET /.well-known/appspecific/com.chrome.devtools.json HTTP/1.1" 404 7571
"GET /lesson/1/ HTTP/1.1" 302 0
"GET /login/?next=/lesson/1/ HTTP/1.1" 200 12770
"GET /levels/ HTTP/1.1" 200 24468
"GET / HTTP/1.1" 200 15689
Watching for file changes with StatReloader
"GET / HTTP/1.1" 200 15689
"GET /lesson/1/ HTTP/1.1" 302 0
"GET /login/?next=/lesson/1/ HTTP/1.1" 200 12770
"GET /quests/ HTTP/1.1" 302 0
"GET /login/?next=/quests/ HTTP/1.1" 200 12770
"POST /login/?next=/quests/ HTTP/1.1" 302 0
"GET / HTTP/1.1" 200 27156
"GET /quests/ HTTP/1.1" 200 30711
"GET /quests/ HTTP/1.1" 200 30711
Not Found: /lesson/1/
"GET /lesson/1/ HTTP/1.1" 404 4456
Not Found: /.well-known/appspecific/com.chrome.devtools.json
"GET /.well-known/appspecific/com.chrome.devtools.json HTTP/1.1" 404 7571
Not Found: /lesson/1/
"GET /lesson/1/ HTTP/1.1" 404 4456
"GET /quests/ HTTP/1.1" 200 30711
"GET /quests/ HTTP/1.1" 200 30711
"GET /levels/ HTTP/1.1" 200 26468
"GET /levels/ HTTP/1.1" 200 26521
E:\New Downloads\Tulia\myProject\myApp\urls.py changed, reloading.
Watching for file changes with StatReloader
E:\New Downloads\Tulia\myProject\myApp\views.py changed, reloading.
Watching for file changes with StatReloader
E:\New Downloads\Tulia\myProject\myApp\views.py changed, reloading.
Watching for file changes with StatReloader
"GET /levels/ HTTP/1.1" 200 26504
Internal Server Error: /ai-chat/
Traceback (most recent call last):
  File "C:\Users\ADMIN\.conda\envs\myenv\Lib\site-packages\django\core\handlers\exception.py", line 55, in inner
    response = get_response(request)
               ^^^^^^^^^^^^^^^^^^^^^
  File "C:\Users\ADMIN\.conda\envs\myenv\Lib\site-packages\django\core\handlers\base.py", line 197, in _get_response
    response = wrapped_callback(request, *callback_args, **callback_kwargs)
               ^^^^^^^^^^^^^^^^^^^^^^^^^^^^^^^^^^^^^^^^^^^^^^^^^^^^^^^^^^^^
  File "C:\Users\ADMIN\.conda\envs\myenv\Lib\site-packages\django\contrib\auth\decorators.py", line 60, in _view_wrapper
    return view_func(request, *args, **kwargs)
           ^^^^^^^^^^^^^^^^^^^^^^^^^^^^^^^^^^^
  File "E:\New Downloads\Tulia\myProject\myApp\views.py", line 676, in ai_chat
    return render(request, 'myApp/ai_chat.html', context)
           ^^^^^^^^^^^^^^^^^^^^^^^^^^^^^^^^^^^^^^^^^^^^^^
  File "C:\Users\ADMIN\.conda\envs\myenv\Lib\site-packages\django\shortcuts.py", line 25, in render
    content = loader.render_to_string(template_name, context, request, using=using)
              ^^^^^^^^^^^^^^^^^^^^^^^^^^^^^^^^^^^^^^^^^^^^^^^^^^^^^^^^^^^^^^^^^^^^^
  File "C:\Users\ADMIN\.conda\envs\myenv\Lib\site-packages\django\template\loader.py", line 61, in render_to_string
    template = get_template(template_name, using=using)
               ^^^^^^^^^^^^^^^^^^^^^^^^^^^^^^^^^^^^^^^^
  File "C:\Users\ADMIN\.conda\envs\myenv\Lib\site-packages\django\template\loader.py", line 19, in get_template
    raise TemplateDoesNotExist(template_name, chain=chain)
django.template.exceptions.TemplateDoesNotExist: myApp/ai_chat.html
"GET /ai-chat/ HTTP/1.1" 500 93315
"GET /quests/ HTTP/1.1" 200 30747
"POST /quests/1/start/ HTTP/1.1" 302 0
"GET /quests/ HTTP/1.1" 200 28355
Not Found: /.well-known/appspecific/com.chrome.devtools.json
"GET /.well-known/appspecific/com.chrome.devtools.json HTTP/1.1" 404 8098
E:\New Downloads\Tulia\myProject\myApp\views.py changed, reloading.
Watching for file changes with StatReloader
"GET /quests/ HTTP/1.1" 200 28355
"GET /ai-chat/ HTTP/1.1" 200 18671
"GET /ai-chat/ HTTP/1.1" 200 17670
Not Found: /.well-known/appspecific/com.chrome.devtools.json
"GET /.well-known/appspecific/com.chrome.devtools.json HTTP/1.1" 404 8098
E:\New Downloads\Tulia\myProject\myApp\views.py changed, reloading.
Watching for file changes with StatReloader
"GET /ai-chat/ HTTP/1.1" 200 18325
Not Found: /.well-known/appspecific/com.chrome.devtools.json
"GET /.well-known/appspecific/com.chrome.devtools.json HTTP/1.1" 404 8098
Internal Server Error: /ai-chat/send/
"POST /ai-chat/send/ HTTP/1.1" 500 42
E:\New Downloads\Tulia\myProject\myProject\settings.py changed, reloading.
Watching for file changes with StatReloader
E:\New Downloads\Tulia\myProject\myApp\views.py changed, reloading.
Watching for file changes with StatReloader
E:\New Downloads\Tulia\myProject\myProject\settings.py changed, reloading.
Watching for file changes with StatReloader
E:\New Downloads\Tulia\myProject\myProject\settings.py changed, reloading.
Watching for file changes with StatReloader
E:\New Downloads\Tulia\myProject\myApp\views.py changed, reloading.
Watching for file changes with StatReloader
Watching for file changes with StatReloader
"GET /ai-chat/ HTTP/1.1" 200 18325
"POST /ai-chat/send/ HTTP/1.1" 200 111
"GET / HTTP/1.1" 200 28475
"GET /logout/ HTTP/1.1" 302 0
"GET / HTTP/1.1" 200 15725
Not Found: /favicon.ico
"GET /favicon.ico HTTP/1.1" 404 7987
"GET /signup/ HTTP/1.1" 200 14706
"POST /signup/ HTTP/1.1" 302 0
"GET / HTTP/1.1" 200 23854
"GET /levels/ HTTP/1.1" 200 25975
"GET / HTTP/1.1" 200 23854
"GET /ai-chat/ HTTP/1.1" 200 17879
"POST /ai-chat/send/ HTTP/1.1" 200 114
"GET /quests/ HTTP/1.1" 200 30303
"POST /quests/1/start/ HTTP/1.1" 302 0
"GET /quests/ HTTP/1.1" 200 27911
"GET /leaderboard/ HTTP/1.1" 200 12577
"GET /profile/ HTTP/1.1" 200 15750
"GET /levels/ HTTP/1.1" 200 25975
"GET /lesson/33/ HTTP/1.1" 200 31348
"GET /static/img/speakopoly_mascot.png HTTP/1.1" 404 2002
"POST /exercise/76/submit/ HTTP/1.1" 200 248
"POST /exercise/76/submit/ HTTP/1.1" 200 258
"POST /exercise/77/submit/ HTTP/1.1" 200 225
"POST /exercise/78/submit/ HTTP/1.1" 200 130
"GET / HTTP/1.1" 200 25573
"GET /levels/ HTTP/1.1" 200 26410
"GET /lesson/33/ HTTP/1.1" 200 31467
"GET /static/img/speakopoly_mascot.png HTTP/1.1" 404 2002
"POST /exercise/76/submit/ HTTP/1.1" 200 258
"POST /exercise/77/submit/ HTTP/1.1" 200 225
"POST /exercise/78/submit/ HTTP/1.1" 200 130
"POST /lesson/33/complete/ HTTP/1.1" 200 84
"GET / HTTP/1.1" 200 25575
"GET /levels/ HTTP/1.1" 200 26411
"GET /quests/ HTTP/1.1" 200 28347
E:\New Downloads\Tulia\myProject\myProject\settings.py changed, reloading.
Watching for file changes with StatReloader
"GET /ai-chat/ HTTP/1.1" 200 18316
E:\New Downloads\Tulia\myProject\myApp\views.py changed, reloading.
Watching for file changes with StatReloader
E:\New Downloads\Tulia\myProject\myApp\views.py changed, reloading.
Watching for file changes with StatReloader
E:\New Downloads\Tulia\myProject\myApp\views.py changed, reloading.
Watching for file changes with StatReloader
"GET /logout/ HTTP/1.1" 302 0
"GET / HTTP/1.1" 200 15725
Not Found: /favicon.ico
"GET /favicon.ico HTTP/1.1" 404 7987
"GET /login/ HTTP/1.1" 200 13033
"GET /signup/ HTTP/1.1" 200 14479
"GET /login/ HTTP/1.1" 200 12806
"GET /levels/ HTTP/1.1" 200 24504
"GET /quests/ HTTP/1.1" 302 0
"GET /login/?next=/quests/ HTTP/1.1" 200 12806
"GET /leaderboard/ HTTP/1.1" 302 0
"GET /login/?next=/leaderboard/ HTTP/1.1" 200 12806
"GET /profile/ HTTP/1.1" 302 0
"GET /login/?next=/profile/ HTTP/1.1" 200 12806
"GET /ai-chat/ HTTP/1.1" 302 0
"GET /login/?next=/ai-chat/ HTTP/1.1" 200 12806
"GET / HTTP/1.1" 200 15725
"GET /signup/ HTTP/1.1" 200 14479
"GET /login/ HTTP/1.1" 200 12806
"POST /login/ HTTP/1.1" 302 0
"GET / HTTP/1.1" 200 25575
"GET /levels/ HTTP/1.1" 200 26411
"GET /ai-chat/ HTTP/1.1" 200 18316
"POST /ai-chat/send/ HTTP/1.1" 200 150
"GET /quests/ HTTP/1.1" 200 28347
"GET /leaderboard/ HTTP/1.1" 200 13013
"GET /profile/ HTTP/1.1" 200 21005
"GET /levels/ HTTP/1.1" 200 26411
"GET /lesson/33/ HTTP/1.1" 200 31467
"GET /static/img/speakopoly_mascot.png HTTP/1.1" 404 2002
"POST /exercise/76/submit/ HTTP/1.1" 200 258
"POST /exercise/77/submit/ HTTP/1.1" 200 225
"POST /exercise/78/submit/ HTTP/1.1" 200 130
"GET / HTTP/1.1" 200 25575
"GET /levels/ HTTP/1.1" 200 26411
Not Found: /favicon.ico
"GET /favicon.ico HTTP/1.1" 404 7987
"GET / HTTP/1.1" 200 25575
